<?xml version="1.0" encoding="UTF-8"?>
<!-- Generated by org.testng.reporters.JUnitXMLReporter -->
<testsuite hostname="Tatianas-MacBook-Air.local" ignored="0" name="ExpediaSearchPage" tests="4" failures="0" timestamp="27 Jul 2017 15:31:59 GMT" time="0.022" errors="0">
  <testcase name="AudiA6" time="0.001" classname="com.amazon.TestingFiles.TestNG_Grouping"/>
  <testcase name="BMW3Series" time="0.0" classname="com.amazon.TestingFiles.TestNG_Grouping"/>
  <testcase name="BMWX3" time="0.0" classname="com.amazon.TestingFiles.TestNG_Grouping"/>
  <testcase name="HondaAccord" time="0.0" classname="com.amazon.TestingFiles.TestNG_Grouping"/>
</testsuite> <!-- ExpediaSearchPage -->
